#-----------------------------------------------------------
# Vivado v2018.3 (64-bit)
# SW Build 2405991 on Thu Dec  6 23:38:27 MST 2018
# IP Build 2404404 on Fri Dec  7 01:43:56 MST 2018
# Start of session at: Wed Nov 20 03:52:19 2024
# Process ID: 5268
# Current directory: C:/Users/Apple/Desktop/FPGA_AP/uart_tx_1
# Command line: vivado.exe -gui_launcher_event rodinguilauncherevent8624 C:\Users\Apple\Desktop\FPGA_AP\uart_tx_1\uart_tx_1.xpr
# Log file: C:/Users/Apple/Desktop/FPGA_AP/uart_tx_1/vivado.log
# Journal file: C:/Users/Apple/Desktop/FPGA_AP/uart_tx_1\vivado.jou
#-----------------------------------------------------------
start_gui
open_project C:/Users/Apple/Desktop/FPGA_AP/uart_tx_1/uart_tx_1.xpr
INFO: [Project 1-313] Project file moved from 'C:/Users/Apple/Desktop/vivado/uart_tx_1' since last save.
Scanning sources...
Finished scanning sources
INFO: [IP_Flow 19-234] Refreshing IP repositories
INFO: [IP_Flow 19-1704] No user IP repositories specified
INFO: [IP_Flow 19-2313] Loaded Vivado IP repository 'C:/Xilinx/Vivado/2018.3/data/ip'.
open_project: Time (s): cpu = 00:00:15 ; elapsed = 00:00:08 . Memory (MB): peak = 793.387 ; gain = 172.137
update_compile_order -fileset sources_1
