
*** Running vivado
    with args -log main_uart.vds -m64 -product Vivado -mode batch -messageDb vivado.pb -notrace -source main_uart.tcl


****** Vivado v2018.3 (64-bit)
  **** SW Build 2405991 on Thu Dec  6 23:38:27 MST 2018
  **** IP Build 2404404 on Fri Dec  7 01:43:56 MST 2018
    ** Copyright 1986-2018 Xilinx, Inc. All Rights Reserved.

source main_uart.tcl -notrace
Command: synth_design -top main_uart -part xc7z010clg400-2
Starting synth_design
Attempting to get a license for feature 'Synthesis' and/or device 'xc7z010'
INFO: [Common 17-349] Got license for feature 'Synthesis' and/or device 'xc7z010'
INFO: Launching helper process for spawning children vivado processes
INFO: Helper process launched with PID 5356 
---------------------------------------------------------------------------------
Starting RTL Elaboration : Time (s): cpu = 00:00:02 ; elapsed = 00:00:02 . Memory (MB): peak = 436.039 ; gain = 97.484
---------------------------------------------------------------------------------
INFO: [Synth 8-638] synthesizing module 'main_uart' [C:/Users/Apple/Desktop/vivado/uart_rx/uart_rx.srcs/sources_1/new/main_uart.vhd:14]
INFO: [Synth 8-3491] module 'uart_tx' declared at 'C:/Users/Apple/Desktop/vivado/uart_rx/uart_rx.srcs/sources_1/new/uart_tx.vhd:5' bound to instance 'Inst_uart_tx' of component 'uart_tx' [C:/Users/Apple/Desktop/vivado/uart_rx/uart_rx.srcs/sources_1/new/main_uart.vhd:46]
INFO: [Synth 8-638] synthesizing module 'uart_tx' [C:/Users/Apple/Desktop/vivado/uart_rx/uart_rx.srcs/sources_1/new/uart_tx.vhd:13]
WARNING: [Synth 8-614] signal 's_data' is read in the process but is not in the sensitivity list [C:/Users/Apple/Desktop/vivado/uart_rx/uart_rx.srcs/sources_1/new/uart_tx.vhd:33]
WARNING: [Synth 8-614] signal 'data' is read in the process but is not in the sensitivity list [C:/Users/Apple/Desktop/vivado/uart_rx/uart_rx.srcs/sources_1/new/uart_tx.vhd:33]
	Parameter N bound to: 13 - type: integer 
	Parameter M bound to: 5208 - type: integer 
INFO: [Synth 8-3491] module 'mod_m_counter' declared at 'C:/Users/Apple/Desktop/vivado/uart_rx/uart_rx.srcs/sources_1/new/mod_m_counter.vhd:4' bound to instance 'Inst_mod_m_counter' of component 'mod_m_counter' [C:/Users/Apple/Desktop/vivado/uart_rx/uart_rx.srcs/sources_1/new/uart_tx.vhd:133]
INFO: [Synth 8-638] synthesizing module 'mod_m_counter' [C:/Users/Apple/Desktop/vivado/uart_rx/uart_rx.srcs/sources_1/new/mod_m_counter.vhd:15]
	Parameter N bound to: 13 - type: integer 
	Parameter M bound to: 5208 - type: integer 
INFO: [Synth 8-256] done synthesizing module 'mod_m_counter' (1#1) [C:/Users/Apple/Desktop/vivado/uart_rx/uart_rx.srcs/sources_1/new/mod_m_counter.vhd:15]
INFO: [Synth 8-256] done synthesizing module 'uart_tx' (2#1) [C:/Users/Apple/Desktop/vivado/uart_rx/uart_rx.srcs/sources_1/new/uart_tx.vhd:13]
INFO: [Synth 8-3491] module 'uart_rx' declared at 'C:/Users/Apple/Desktop/vivado/uart_rx/uart_rx.srcs/sources_1/new/uart_rx.vhd:5' bound to instance 'Inst_uart_rx' of component 'uart_rx' [C:/Users/Apple/Desktop/vivado/uart_rx/uart_rx.srcs/sources_1/new/main_uart.vhd:54]
INFO: [Synth 8-638] synthesizing module 'uart_rx' [C:/Users/Apple/Desktop/vivado/uart_rx/uart_rx.srcs/sources_1/new/uart_rx.vhd:14]
WARNING: [Synth 8-614] signal 's_data' is read in the process but is not in the sensitivity list [C:/Users/Apple/Desktop/vivado/uart_rx/uart_rx.srcs/sources_1/new/uart_rx.vhd:35]
WARNING: [Synth 8-614] signal 'b_reg' is read in the process but is not in the sensitivity list [C:/Users/Apple/Desktop/vivado/uart_rx/uart_rx.srcs/sources_1/new/uart_rx.vhd:35]
WARNING: [Synth 8-614] signal 's_old_data' is read in the process but is not in the sensitivity list [C:/Users/Apple/Desktop/vivado/uart_rx/uart_rx.srcs/sources_1/new/uart_rx.vhd:35]
	Parameter N bound to: 13 - type: integer 
	Parameter M bound to: 5208 - type: integer 
INFO: [Synth 8-3491] module 'mod_m_counter' declared at 'C:/Users/Apple/Desktop/vivado/uart_rx/uart_rx.srcs/sources_1/new/mod_m_counter.vhd:4' bound to instance 'Inst_mod_m_counter' of component 'mod_m_counter' [C:/Users/Apple/Desktop/vivado/uart_rx/uart_rx.srcs/sources_1/new/uart_rx.vhd:164]
	Parameter N bound to: 12 - type: integer 
	Parameter M bound to: 2604 - type: integer 
INFO: [Synth 8-3491] module 'mod_m_counter' declared at 'C:/Users/Apple/Desktop/vivado/uart_rx/uart_rx.srcs/sources_1/new/mod_m_counter.vhd:4' bound to instance 'Inst_mod_m_counter2' of component 'mod_m_counter' [C:/Users/Apple/Desktop/vivado/uart_rx/uart_rx.srcs/sources_1/new/uart_rx.vhd:172]
INFO: [Synth 8-638] synthesizing module 'mod_m_counter__parameterized2' [C:/Users/Apple/Desktop/vivado/uart_rx/uart_rx.srcs/sources_1/new/mod_m_counter.vhd:15]
	Parameter N bound to: 12 - type: integer 
	Parameter M bound to: 2604 - type: integer 
INFO: [Synth 8-256] done synthesizing module 'mod_m_counter__parameterized2' (2#1) [C:/Users/Apple/Desktop/vivado/uart_rx/uart_rx.srcs/sources_1/new/mod_m_counter.vhd:15]
INFO: [Synth 8-256] done synthesizing module 'uart_rx' (3#1) [C:/Users/Apple/Desktop/vivado/uart_rx/uart_rx.srcs/sources_1/new/uart_rx.vhd:14]
INFO: [Synth 8-256] done synthesizing module 'main_uart' (4#1) [C:/Users/Apple/Desktop/vivado/uart_rx/uart_rx.srcs/sources_1/new/main_uart.vhd:14]
---------------------------------------------------------------------------------
Finished RTL Elaboration : Time (s): cpu = 00:00:03 ; elapsed = 00:00:03 . Memory (MB): peak = 492.508 ; gain = 153.953
---------------------------------------------------------------------------------

Report Check Netlist: 
+------+------------------+-------+---------+-------+------------------+
|      |Item              |Errors |Warnings |Status |Description       |
+------+------------------+-------+---------+-------+------------------+
|1     |multi_driven_nets |      0|        0|Passed |Multi driven nets |
+------+------------------+-------+---------+-------+------------------+
---------------------------------------------------------------------------------
Start Handling Custom Attributes
---------------------------------------------------------------------------------
---------------------------------------------------------------------------------
Finished Handling Custom Attributes : Time (s): cpu = 00:00:03 ; elapsed = 00:00:03 . Memory (MB): peak = 492.508 ; gain = 153.953
---------------------------------------------------------------------------------
---------------------------------------------------------------------------------
Finished RTL Optimization Phase 1 : Time (s): cpu = 00:00:03 ; elapsed = 00:00:03 . Memory (MB): peak = 492.508 ; gain = 153.953
---------------------------------------------------------------------------------
INFO: [Device 21-403] Loading part xc7z010clg400-2
INFO: [Project 1-570] Preparing netlist for logic optimization

Processing XDC Constraints
Initializing timing engine
Parsing XDC File [C:/Users/Apple/Desktop/vivado/uart_rx/uart_rx.srcs/constrs_1/new/c.xdc]
Finished Parsing XDC File [C:/Users/Apple/Desktop/vivado/uart_rx/uart_rx.srcs/constrs_1/new/c.xdc]
INFO: [Project 1-236] Implementation specific constraints were found while reading constraint file [C:/Users/Apple/Desktop/vivado/uart_rx/uart_rx.srcs/constrs_1/new/c.xdc]. These constraints will be ignored for synthesis but will be used in implementation. Impacted constraints are listed in the file [.Xil/main_uart_propImpl.xdc].
Resolution: To avoid this warning, move constraints listed in [.Xil/main_uart_propImpl.xdc] to another XDC file and exclude this new file from synthesis with the used_in_synthesis property (File Properties dialog in GUI) and re-run elaboration/synthesis.
Netlist sorting complete. Time (s): cpu = 00:00:00 ; elapsed = 00:00:00 . Memory (MB): peak = 817.977 ; gain = 0.000
Completed Processing XDC Constraints

Netlist sorting complete. Time (s): cpu = 00:00:00 ; elapsed = 00:00:00 . Memory (MB): peak = 817.977 ; gain = 0.000
INFO: [Project 1-111] Unisim Transformation Summary:
No Unisim elements were transformed.

Netlist sorting complete. Time (s): cpu = 00:00:00 ; elapsed = 00:00:00 . Memory (MB): peak = 817.977 ; gain = 0.000
Constraint Validation Runtime : Time (s): cpu = 00:00:00 ; elapsed = 00:00:00.002 . Memory (MB): peak = 817.977 ; gain = 0.000
---------------------------------------------------------------------------------
Finished Constraint Validation : Time (s): cpu = 00:00:10 ; elapsed = 00:00:11 . Memory (MB): peak = 817.977 ; gain = 479.422
---------------------------------------------------------------------------------
---------------------------------------------------------------------------------
Start Loading Part and Timing Information
---------------------------------------------------------------------------------
Loading part: xc7z010clg400-2
---------------------------------------------------------------------------------
Finished Loading Part and Timing Information : Time (s): cpu = 00:00:10 ; elapsed = 00:00:11 . Memory (MB): peak = 817.977 ; gain = 479.422
---------------------------------------------------------------------------------
---------------------------------------------------------------------------------
Start Applying 'set_property' XDC Constraints
---------------------------------------------------------------------------------
---------------------------------------------------------------------------------
Finished applying 'set_property' XDC Constraints : Time (s): cpu = 00:00:10 ; elapsed = 00:00:11 . Memory (MB): peak = 817.977 ; gain = 479.422
---------------------------------------------------------------------------------
INFO: [Synth 8-5546] ROM "max_tick" won't be mapped to RAM because it is too sparse
INFO: [Synth 8-802] inferred FSM for state register 'Present_State_reg' in module 'uart_tx'
INFO: [Synth 8-5544] ROM "Next_State" won't be mapped to Block RAM because address size (4) smaller than threshold (5)
INFO: [Synth 8-5546] ROM "max_tick" won't be mapped to RAM because it is too sparse
INFO: [Synth 8-802] inferred FSM for state register 'Present_State_reg' in module 'uart_rx'
INFO: [Synth 8-5544] ROM "b_next" won't be mapped to Block RAM because address size (4) smaller than threshold (5)
INFO: [Synth 8-5544] ROM "Next_State" won't be mapped to Block RAM because address size (4) smaller than threshold (5)
---------------------------------------------------------------------------------------------------
                   State |                     New Encoding |                Previous Encoding 
---------------------------------------------------------------------------------------------------
                      s0 |                      00000000001 |                             0000
                      ss |                      00000000010 |                             0001
                      s1 |                      00000000100 |                             0010
                      s2 |                      00000001000 |                             0011
                      s3 |                      00000010000 |                             0100
                      s4 |                      00000100000 |                             0101
                      s5 |                      00001000000 |                             0110
                      s6 |                      00010000000 |                             0111
                      s7 |                      00100000000 |                             1000
                      s8 |                      01000000000 |                             1001
                      st |                      10000000000 |                             1010
---------------------------------------------------------------------------------------------------
INFO: [Synth 8-3354] encoded FSM with state register 'Present_State_reg' using encoding 'one-hot' in module 'uart_tx'
WARNING: [Synth 8-327] inferring latch for variable 's_data_reg' [C:/Users/Apple/Desktop/vivado/uart_rx/uart_rx.srcs/sources_1/new/uart_tx.vhd:37]
---------------------------------------------------------------------------------------------------
                   State |                     New Encoding |                Previous Encoding 
---------------------------------------------------------------------------------------------------
                      s0 |                             0000 |                             0000
                      ss |                             0001 |                             0001
                      s1 |                             0010 |                             0010
                      s2 |                             0011 |                             0011
                      s3 |                             0100 |                             0100
                      s4 |                             0101 |                             0101
                      s5 |                             0110 |                             0110
                      s6 |                             0111 |                             0111
                      s7 |                             1000 |                             1000
                      s8 |                             1001 |                             1001
                      st |                             1010 |                             1010
---------------------------------------------------------------------------------------------------
INFO: [Synth 8-3354] encoded FSM with state register 'Present_State_reg' using encoding 'sequential' in module 'uart_rx'
WARNING: [Synth 8-327] inferring latch for variable 'sEn_reg' [C:/Users/Apple/Desktop/vivado/uart_rx/uart_rx.srcs/sources_1/new/uart_rx.vhd:46]
---------------------------------------------------------------------------------
Finished RTL Optimization Phase 2 : Time (s): cpu = 00:00:11 ; elapsed = 00:00:11 . Memory (MB): peak = 817.977 ; gain = 479.422
---------------------------------------------------------------------------------

Report RTL Partitions: 
+-+--------------+------------+----------+
| |RTL Partition |Replication |Instances |
+-+--------------+------------+----------+
+-+--------------+------------+----------+
---------------------------------------------------------------------------------
Start RTL Component Statistics 
---------------------------------------------------------------------------------
Detailed RTL Component Info : 
+---Adders : 
	   2 Input     13 Bit       Adders := 2     
	   2 Input     12 Bit       Adders := 1     
+---Registers : 
	               13 Bit    Registers := 2     
	               12 Bit    Registers := 1     
	                8 Bit    Registers := 1     
	                1 Bit    Registers := 1     
+---Muxes : 
	   2 Input     13 Bit        Muxes := 2     
	   2 Input     12 Bit        Muxes := 1     
	  11 Input      8 Bit        Muxes := 2     
	  11 Input      4 Bit        Muxes := 1     
	   2 Input      1 Bit        Muxes := 4     
	  11 Input      1 Bit        Muxes := 10    
---------------------------------------------------------------------------------
Finished RTL Component Statistics 
---------------------------------------------------------------------------------
---------------------------------------------------------------------------------
Start RTL Hierarchical Component Statistics 
---------------------------------------------------------------------------------
Hierarchical RTL Component report 
Module mod_m_counter 
Detailed RTL Component Info : 
+---Adders : 
	   2 Input     13 Bit       Adders := 1     
+---Registers : 
	               13 Bit    Registers := 1     
+---Muxes : 
	   2 Input     13 Bit        Muxes := 1     
	   2 Input      1 Bit        Muxes := 1     
Module uart_tx 
Detailed RTL Component Info : 
+---Registers : 
	                1 Bit    Registers := 1     
+---Muxes : 
	  11 Input      1 Bit        Muxes := 4     
Module mod_m_counter__parameterized2 
Detailed RTL Component Info : 
+---Adders : 
	   2 Input     12 Bit       Adders := 1     
+---Registers : 
	               12 Bit    Registers := 1     
+---Muxes : 
	   2 Input     12 Bit        Muxes := 1     
	   2 Input      1 Bit        Muxes := 1     
Module uart_rx 
Detailed RTL Component Info : 
+---Registers : 
	                8 Bit    Registers := 1     
+---Muxes : 
	  11 Input      8 Bit        Muxes := 2     
	  11 Input      4 Bit        Muxes := 1     
	   2 Input      1 Bit        Muxes := 1     
	  11 Input      1 Bit        Muxes := 6     
---------------------------------------------------------------------------------
Finished RTL Hierarchical Component Statistics
---------------------------------------------------------------------------------
---------------------------------------------------------------------------------
Start Part Resource Summary
---------------------------------------------------------------------------------
Part Resources:
DSPs: 80 (col length:40)
BRAMs: 120 (col length: RAMB18 40 RAMB36 20)
---------------------------------------------------------------------------------
Finished Part Resource Summary
---------------------------------------------------------------------------------
---------------------------------------------------------------------------------
Start Cross Boundary and Area Optimization
---------------------------------------------------------------------------------
Warning: Parallel synthesis criteria is not met 
INFO: [Synth 8-5546] ROM "Inst_uart_tx/Inst_mod_m_counter/max_tick" won't be mapped to RAM because it is too sparse
INFO: [Synth 8-5546] ROM "Inst_uart_rx/Inst_mod_m_counter/max_tick" won't be mapped to RAM because it is too sparse
INFO: [Synth 8-5546] ROM "Inst_uart_rx/Inst_mod_m_counter2/max_tick" won't be mapped to RAM because it is too sparse
---------------------------------------------------------------------------------
Finished Cross Boundary and Area Optimization : Time (s): cpu = 00:00:12 ; elapsed = 00:00:12 . Memory (MB): peak = 817.977 ; gain = 479.422
---------------------------------------------------------------------------------

Report RTL Partitions: 
+-+--------------+------------+----------+
| |RTL Partition |Replication |Instances |
+-+--------------+------------+----------+
+-+--------------+------------+----------+
---------------------------------------------------------------------------------
Start Applying XDC Timing Constraints
---------------------------------------------------------------------------------
---------------------------------------------------------------------------------
Finished Applying XDC Timing Constraints : Time (s): cpu = 00:00:19 ; elapsed = 00:00:20 . Memory (MB): peak = 826.703 ; gain = 488.148
---------------------------------------------------------------------------------
---------------------------------------------------------------------------------
Start Timing Optimization
---------------------------------------------------------------------------------
---------------------------------------------------------------------------------
Finished Timing Optimization : Time (s): cpu = 00:00:19 ; elapsed = 00:00:20 . Memory (MB): peak = 826.852 ; gain = 488.297
---------------------------------------------------------------------------------

Report RTL Partitions: 
+-+--------------+------------+----------+
| |RTL Partition |Replication |Instances |
+-+--------------+------------+----------+
+-+--------------+------------+----------+
---------------------------------------------------------------------------------
Start Technology Mapping
---------------------------------------------------------------------------------
---------------------------------------------------------------------------------
Finished Technology Mapping : Time (s): cpu = 00:00:19 ; elapsed = 00:00:20 . Memory (MB): peak = 847.094 ; gain = 508.539
---------------------------------------------------------------------------------

Report RTL Partitions: 
+-+--------------+------------+----------+
| |RTL Partition |Replication |Instances |
+-+--------------+------------+----------+
+-+--------------+------------+----------+
---------------------------------------------------------------------------------
Start IO Insertion
---------------------------------------------------------------------------------
---------------------------------------------------------------------------------
Start Flattening Before IO Insertion
---------------------------------------------------------------------------------
---------------------------------------------------------------------------------
Finished Flattening Before IO Insertion
---------------------------------------------------------------------------------
---------------------------------------------------------------------------------
Start Final Netlist Cleanup
---------------------------------------------------------------------------------
---------------------------------------------------------------------------------
Finished Final Netlist Cleanup
---------------------------------------------------------------------------------
---------------------------------------------------------------------------------
Finished IO Insertion : Time (s): cpu = 00:00:20 ; elapsed = 00:00:21 . Memory (MB): peak = 847.094 ; gain = 508.539
---------------------------------------------------------------------------------

Report Check Netlist: 
+------+------------------+-------+---------+-------+------------------+
|      |Item              |Errors |Warnings |Status |Description       |
+------+------------------+-------+---------+-------+------------------+
|1     |multi_driven_nets |      0|        0|Passed |Multi driven nets |
+------+------------------+-------+---------+-------+------------------+
---------------------------------------------------------------------------------
Start Renaming Generated Instances
---------------------------------------------------------------------------------
---------------------------------------------------------------------------------
Finished Renaming Generated Instances : Time (s): cpu = 00:00:20 ; elapsed = 00:00:21 . Memory (MB): peak = 847.094 ; gain = 508.539
---------------------------------------------------------------------------------

Report RTL Partitions: 
+-+--------------+------------+----------+
| |RTL Partition |Replication |Instances |
+-+--------------+------------+----------+
+-+--------------+------------+----------+
---------------------------------------------------------------------------------
Start Rebuilding User Hierarchy
---------------------------------------------------------------------------------
---------------------------------------------------------------------------------
Finished Rebuilding User Hierarchy : Time (s): cpu = 00:00:20 ; elapsed = 00:00:21 . Memory (MB): peak = 847.094 ; gain = 508.539
---------------------------------------------------------------------------------
---------------------------------------------------------------------------------
Start Renaming Generated Ports
---------------------------------------------------------------------------------
---------------------------------------------------------------------------------
Finished Renaming Generated Ports : Time (s): cpu = 00:00:20 ; elapsed = 00:00:21 . Memory (MB): peak = 847.094 ; gain = 508.539
---------------------------------------------------------------------------------
---------------------------------------------------------------------------------
Start Handling Custom Attributes
---------------------------------------------------------------------------------
---------------------------------------------------------------------------------
Finished Handling Custom Attributes : Time (s): cpu = 00:00:20 ; elapsed = 00:00:21 . Memory (MB): peak = 847.094 ; gain = 508.539
---------------------------------------------------------------------------------
---------------------------------------------------------------------------------
Start Renaming Generated Nets
---------------------------------------------------------------------------------
---------------------------------------------------------------------------------
Finished Renaming Generated Nets : Time (s): cpu = 00:00:20 ; elapsed = 00:00:21 . Memory (MB): peak = 847.094 ; gain = 508.539
---------------------------------------------------------------------------------
---------------------------------------------------------------------------------
Start Writing Synthesis Report
---------------------------------------------------------------------------------

Report BlackBoxes: 
+-+--------------+----------+
| |BlackBox name |Instances |
+-+--------------+----------+
+-+--------------+----------+

Report Cell Usage: 
+------+-------+------+
|      |Cell   |Count |
+------+-------+------+
|1     |BUFG   |     1|
|2     |CARRY4 |     9|
|3     |LUT1   |     4|
|4     |LUT2   |    37|
|5     |LUT3   |     4|
|6     |LUT4   |    12|
|7     |LUT5   |     7|
|8     |LUT6   |    18|
|9     |FDCE   |    22|
|10    |FDPE   |     1|
|11    |FDRE   |    39|
|12    |LD     |     9|
|13    |IBUF   |     3|
|14    |OBUF   |     1|
+------+-------+------+

Report Instance Areas: 
+------+------------------------+------------------------------+------+
|      |Instance                |Module                        |Cells |
+------+------------------------+------------------------------+------+
|1     |top                     |                              |   167|
|2     |  Inst_uart_rx          |uart_rx                       |   101|
|3     |    Inst_mod_m_counter  |mod_m_counter_0               |    35|
|4     |    Inst_mod_m_counter2 |mod_m_counter__parameterized2 |    38|
|5     |  Inst_uart_tx          |uart_tx                       |    61|
|6     |    Inst_mod_m_counter  |mod_m_counter                 |    36|
+------+------------------------+------------------------------+------+
---------------------------------------------------------------------------------
Finished Writing Synthesis Report : Time (s): cpu = 00:00:20 ; elapsed = 00:00:21 . Memory (MB): peak = 847.094 ; gain = 508.539
---------------------------------------------------------------------------------
Synthesis finished with 0 errors, 0 critical warnings and 2 warnings.
Synthesis Optimization Runtime : Time (s): cpu = 00:00:12 ; elapsed = 00:00:15 . Memory (MB): peak = 847.094 ; gain = 183.070
Synthesis Optimization Complete : Time (s): cpu = 00:00:20 ; elapsed = 00:00:21 . Memory (MB): peak = 847.094 ; gain = 508.539
INFO: [Project 1-571] Translating synthesized netlist
INFO: [Netlist 29-17] Analyzing 18 Unisim elements for replacement
INFO: [Netlist 29-28] Unisim Transformation completed in 0 CPU seconds
INFO: [Project 1-570] Preparing netlist for logic optimization
INFO: [Opt 31-138] Pushed 0 inverter(s) to 0 load pin(s).
Netlist sorting complete. Time (s): cpu = 00:00:00 ; elapsed = 00:00:00 . Memory (MB): peak = 850.320 ; gain = 0.000
INFO: [Project 1-111] Unisim Transformation Summary:
  A total of 9 instances were transformed.
  LD => LDCE: 9 instances

INFO: [Common 17-83] Releasing license: Synthesis
39 Infos, 7 Warnings, 0 Critical Warnings and 0 Errors encountered.
synth_design completed successfully
synth_design: Time (s): cpu = 00:00:22 ; elapsed = 00:00:23 . Memory (MB): peak = 850.320 ; gain = 524.887
Netlist sorting complete. Time (s): cpu = 00:00:00 ; elapsed = 00:00:00 . Memory (MB): peak = 850.320 ; gain = 0.000
WARNING: [Constraints 18-5210] No constraints selected for write.
Resolution: This message can indicate that there are no constraints for the design, or it can indicate that the used_in flags are set such that the constraints are ignored. This later case is used when running synth_design to not write synthesis constraints to the resulting checkpoint. Instead, project constraints are read when the synthesized design is opened.
INFO: [Common 17-1381] The checkpoint 'C:/Users/Apple/Desktop/vivado/uart_rx/uart_rx.runs/synth_1/main_uart.dcp' has been generated.
INFO: [runtcl-4] Executing : report_utilization -file main_uart_utilization_synth.rpt -pb main_uart_utilization_synth.pb
INFO: [Common 17-206] Exiting Vivado at Sun Jun 30 13:15:29 2024...
