Copyright 1986-2018 Xilinx, Inc. All Rights Reserved.
---------------------------------------------------------------------------------------------------------------------
| Tool Version : Vivado v.2018.3 (win64) Build 2405991 Thu Dec  6 23:38:27 MST 2018
| Date         : Sun Jun 30 13:16:19 2024
| Host         : DESKTOP-RRHQSGG running 64-bit major release  (build 9200)
| Command      : report_drc -file main_uart_drc_routed.rpt -pb main_uart_drc_routed.pb -rpx main_uart_drc_routed.rpx
| Design       : main_uart
| Device       : xc7z010clg400-2
| Speed File   : -2
| Design State : Fully Routed
---------------------------------------------------------------------------------------------------------------------

Report DRC

Table of Contents
-----------------
1. REPORT SUMMARY
2. REPORT DETAILS

1. REPORT SUMMARY
-----------------
            Netlist: netlist
          Floorplan: design_1
      Design limits: <entire design considered>
           Ruledeck: default
             Max violations: <unlimited>
             Violations found: 3
+----------+----------+--------------------+------------+
| Rule     | Severity | Description        | Violations |
+----------+----------+--------------------+------------+
| PDRC-153 | Warning  | Gated clock check  | 2          |
| ZPS7-1   | Warning  | PS7 block required | 1          |
+----------+----------+--------------------+------------+

2. REPORT DETAILS
-----------------
PDRC-153#1 Warning
Gated clock check  
Net Inst_uart_rx/Inst_mod_m_counter/FSM_sequential_Present_State_reg[1] is a gated clock net sourced by a combinational pin Inst_uart_rx/Inst_mod_m_counter/sEn_reg_i_2/O, cell Inst_uart_rx/Inst_mod_m_counter/sEn_reg_i_2. This is not good design practice and will likely impact performance. For SLICE registers, for example, use the CE pin to control the loading of data.
Related violations: <none>

PDRC-153#2 Warning
Gated clock check  
Net Inst_uart_tx/s_data_reg[7]_i_1_n_0 is a gated clock net sourced by a combinational pin Inst_uart_tx/s_data_reg[7]_i_1/O, cell Inst_uart_tx/s_data_reg[7]_i_1. This is not good design practice and will likely impact performance. For SLICE registers, for example, use the CE pin to control the loading of data.
Related violations: <none>

ZPS7-1#1 Warning
PS7 block required  
The PS7 cell must be used in this Zynq design in order to enable correct default configuration.
Related violations: <none>


