Copyright 1986-2018 Xilinx, Inc. All Rights Reserved.
-----------------------------------------------------------------------------------------------------------------------------------------------------------------
| Tool Version : Vivado v.2018.3 (win64) Build 2405991 Thu Dec  6 23:38:27 MST 2018
| Date         : Sun Jun 30 13:16:20 2024
| Host         : DESKTOP-RRHQSGG running 64-bit major release  (build 9200)
| Command      : report_methodology -file main_uart_methodology_drc_routed.rpt -pb main_uart_methodology_drc_routed.pb -rpx main_uart_methodology_drc_routed.rpx
| Design       : main_uart
| Device       : xc7z010clg400-2
| Speed File   : -2
| Design State : Fully Routed
-----------------------------------------------------------------------------------------------------------------------------------------------------------------

Report Methodology

Table of Contents
-----------------
1. REPORT SUMMARY
2. REPORT DETAILS

1. REPORT SUMMARY
-----------------
            Netlist: netlist
          Floorplan: design_1
      Design limits: <entire design considered>
             Max violations: <unlimited>
             Violations found: 71
+-----------+----------+-----------------------------+------------+
| Rule      | Severity | Description                 | Violations |
+-----------+----------+-----------------------------+------------+
| TIMING-17 | Warning  | Non-clocked sequential cell | 62         |
| TIMING-20 | Warning  | Non-clocked latch           | 9          |
+-----------+----------+-----------------------------+------------+

2. REPORT DETAILS
-----------------
TIMING-17#1 Warning
Non-clocked sequential cell  
The clock pin Inst_uart_rx/FSM_sequential_Present_State_reg[0]/C is not reached by a timing clock
Related violations: <none>

TIMING-17#2 Warning
Non-clocked sequential cell  
The clock pin Inst_uart_rx/FSM_sequential_Present_State_reg[1]/C is not reached by a timing clock
Related violations: <none>

TIMING-17#3 Warning
Non-clocked sequential cell  
The clock pin Inst_uart_rx/FSM_sequential_Present_State_reg[2]/C is not reached by a timing clock
Related violations: <none>

TIMING-17#4 Warning
Non-clocked sequential cell  
The clock pin Inst_uart_rx/FSM_sequential_Present_State_reg[3]/C is not reached by a timing clock
Related violations: <none>

TIMING-17#5 Warning
Non-clocked sequential cell  
The clock pin Inst_uart_rx/Inst_mod_m_counter/r_reg_reg[0]/C is not reached by a timing clock
Related violations: <none>

TIMING-17#6 Warning
Non-clocked sequential cell  
The clock pin Inst_uart_rx/Inst_mod_m_counter/r_reg_reg[10]/C is not reached by a timing clock
Related violations: <none>

TIMING-17#7 Warning
Non-clocked sequential cell  
The clock pin Inst_uart_rx/Inst_mod_m_counter/r_reg_reg[11]/C is not reached by a timing clock
Related violations: <none>

TIMING-17#8 Warning
Non-clocked sequential cell  
The clock pin Inst_uart_rx/Inst_mod_m_counter/r_reg_reg[12]/C is not reached by a timing clock
Related violations: <none>

TIMING-17#9 Warning
Non-clocked sequential cell  
The clock pin Inst_uart_rx/Inst_mod_m_counter/r_reg_reg[1]/C is not reached by a timing clock
Related violations: <none>

TIMING-17#10 Warning
Non-clocked sequential cell  
The clock pin Inst_uart_rx/Inst_mod_m_counter/r_reg_reg[2]/C is not reached by a timing clock
Related violations: <none>

TIMING-17#11 Warning
Non-clocked sequential cell  
The clock pin Inst_uart_rx/Inst_mod_m_counter/r_reg_reg[3]/C is not reached by a timing clock
Related violations: <none>

TIMING-17#12 Warning
Non-clocked sequential cell  
The clock pin Inst_uart_rx/Inst_mod_m_counter/r_reg_reg[4]/C is not reached by a timing clock
Related violations: <none>

TIMING-17#13 Warning
Non-clocked sequential cell  
The clock pin Inst_uart_rx/Inst_mod_m_counter/r_reg_reg[5]/C is not reached by a timing clock
Related violations: <none>

TIMING-17#14 Warning
Non-clocked sequential cell  
The clock pin Inst_uart_rx/Inst_mod_m_counter/r_reg_reg[6]/C is not reached by a timing clock
Related violations: <none>

TIMING-17#15 Warning
Non-clocked sequential cell  
The clock pin Inst_uart_rx/Inst_mod_m_counter/r_reg_reg[7]/C is not reached by a timing clock
Related violations: <none>

TIMING-17#16 Warning
Non-clocked sequential cell  
The clock pin Inst_uart_rx/Inst_mod_m_counter/r_reg_reg[8]/C is not reached by a timing clock
Related violations: <none>

TIMING-17#17 Warning
Non-clocked sequential cell  
The clock pin Inst_uart_rx/Inst_mod_m_counter/r_reg_reg[9]/C is not reached by a timing clock
Related violations: <none>

TIMING-17#18 Warning
Non-clocked sequential cell  
The clock pin Inst_uart_rx/Inst_mod_m_counter2/r_reg_reg[0]/C is not reached by a timing clock
Related violations: <none>

TIMING-17#19 Warning
Non-clocked sequential cell  
The clock pin Inst_uart_rx/Inst_mod_m_counter2/r_reg_reg[10]/C is not reached by a timing clock
Related violations: <none>

TIMING-17#20 Warning
Non-clocked sequential cell  
The clock pin Inst_uart_rx/Inst_mod_m_counter2/r_reg_reg[11]/C is not reached by a timing clock
Related violations: <none>

TIMING-17#21 Warning
Non-clocked sequential cell  
The clock pin Inst_uart_rx/Inst_mod_m_counter2/r_reg_reg[1]/C is not reached by a timing clock
Related violations: <none>

TIMING-17#22 Warning
Non-clocked sequential cell  
The clock pin Inst_uart_rx/Inst_mod_m_counter2/r_reg_reg[2]/C is not reached by a timing clock
Related violations: <none>

TIMING-17#23 Warning
Non-clocked sequential cell  
The clock pin Inst_uart_rx/Inst_mod_m_counter2/r_reg_reg[3]/C is not reached by a timing clock
Related violations: <none>

TIMING-17#24 Warning
Non-clocked sequential cell  
The clock pin Inst_uart_rx/Inst_mod_m_counter2/r_reg_reg[4]/C is not reached by a timing clock
Related violations: <none>

TIMING-17#25 Warning
Non-clocked sequential cell  
The clock pin Inst_uart_rx/Inst_mod_m_counter2/r_reg_reg[5]/C is not reached by a timing clock
Related violations: <none>

TIMING-17#26 Warning
Non-clocked sequential cell  
The clock pin Inst_uart_rx/Inst_mod_m_counter2/r_reg_reg[6]/C is not reached by a timing clock
Related violations: <none>

TIMING-17#27 Warning
Non-clocked sequential cell  
The clock pin Inst_uart_rx/Inst_mod_m_counter2/r_reg_reg[7]/C is not reached by a timing clock
Related violations: <none>

TIMING-17#28 Warning
Non-clocked sequential cell  
The clock pin Inst_uart_rx/Inst_mod_m_counter2/r_reg_reg[8]/C is not reached by a timing clock
Related violations: <none>

TIMING-17#29 Warning
Non-clocked sequential cell  
The clock pin Inst_uart_rx/Inst_mod_m_counter2/r_reg_reg[9]/C is not reached by a timing clock
Related violations: <none>

TIMING-17#30 Warning
Non-clocked sequential cell  
The clock pin Inst_uart_rx/b_reg_reg[0]/C is not reached by a timing clock
Related violations: <none>

TIMING-17#31 Warning
Non-clocked sequential cell  
The clock pin Inst_uart_rx/b_reg_reg[1]/C is not reached by a timing clock
Related violations: <none>

TIMING-17#32 Warning
Non-clocked sequential cell  
The clock pin Inst_uart_rx/b_reg_reg[2]/C is not reached by a timing clock
Related violations: <none>

TIMING-17#33 Warning
Non-clocked sequential cell  
The clock pin Inst_uart_rx/b_reg_reg[3]/C is not reached by a timing clock
Related violations: <none>

TIMING-17#34 Warning
Non-clocked sequential cell  
The clock pin Inst_uart_rx/b_reg_reg[4]/C is not reached by a timing clock
Related violations: <none>

TIMING-17#35 Warning
Non-clocked sequential cell  
The clock pin Inst_uart_rx/b_reg_reg[5]/C is not reached by a timing clock
Related violations: <none>

TIMING-17#36 Warning
Non-clocked sequential cell  
The clock pin Inst_uart_rx/b_reg_reg[6]/C is not reached by a timing clock
Related violations: <none>

TIMING-17#37 Warning
Non-clocked sequential cell  
The clock pin Inst_uart_rx/b_reg_reg[7]/C is not reached by a timing clock
Related violations: <none>

TIMING-17#38 Warning
Non-clocked sequential cell  
The clock pin Inst_uart_tx/FSM_onehot_Present_State_reg[0]/C is not reached by a timing clock
Related violations: <none>

TIMING-17#39 Warning
Non-clocked sequential cell  
The clock pin Inst_uart_tx/FSM_onehot_Present_State_reg[10]/C is not reached by a timing clock
Related violations: <none>

TIMING-17#40 Warning
Non-clocked sequential cell  
The clock pin Inst_uart_tx/FSM_onehot_Present_State_reg[1]/C is not reached by a timing clock
Related violations: <none>

TIMING-17#41 Warning
Non-clocked sequential cell  
The clock pin Inst_uart_tx/FSM_onehot_Present_State_reg[2]/C is not reached by a timing clock
Related violations: <none>

TIMING-17#42 Warning
Non-clocked sequential cell  
The clock pin Inst_uart_tx/FSM_onehot_Present_State_reg[3]/C is not reached by a timing clock
Related violations: <none>

TIMING-17#43 Warning
Non-clocked sequential cell  
The clock pin Inst_uart_tx/FSM_onehot_Present_State_reg[4]/C is not reached by a timing clock
Related violations: <none>

TIMING-17#44 Warning
Non-clocked sequential cell  
The clock pin Inst_uart_tx/FSM_onehot_Present_State_reg[5]/C is not reached by a timing clock
Related violations: <none>

TIMING-17#45 Warning
Non-clocked sequential cell  
The clock pin Inst_uart_tx/FSM_onehot_Present_State_reg[6]/C is not reached by a timing clock
Related violations: <none>

TIMING-17#46 Warning
Non-clocked sequential cell  
The clock pin Inst_uart_tx/FSM_onehot_Present_State_reg[7]/C is not reached by a timing clock
Related violations: <none>

TIMING-17#47 Warning
Non-clocked sequential cell  
The clock pin Inst_uart_tx/FSM_onehot_Present_State_reg[8]/C is not reached by a timing clock
Related violations: <none>

TIMING-17#48 Warning
Non-clocked sequential cell  
The clock pin Inst_uart_tx/FSM_onehot_Present_State_reg[9]/C is not reached by a timing clock
Related violations: <none>

TIMING-17#49 Warning
Non-clocked sequential cell  
The clock pin Inst_uart_tx/Inst_mod_m_counter/r_reg_reg[0]/C is not reached by a timing clock
Related violations: <none>

TIMING-17#50 Warning
Non-clocked sequential cell  
The clock pin Inst_uart_tx/Inst_mod_m_counter/r_reg_reg[10]/C is not reached by a timing clock
Related violations: <none>

TIMING-17#51 Warning
Non-clocked sequential cell  
The clock pin Inst_uart_tx/Inst_mod_m_counter/r_reg_reg[11]/C is not reached by a timing clock
Related violations: <none>

TIMING-17#52 Warning
Non-clocked sequential cell  
The clock pin Inst_uart_tx/Inst_mod_m_counter/r_reg_reg[12]/C is not reached by a timing clock
Related violations: <none>

TIMING-17#53 Warning
Non-clocked sequential cell  
The clock pin Inst_uart_tx/Inst_mod_m_counter/r_reg_reg[1]/C is not reached by a timing clock
Related violations: <none>

TIMING-17#54 Warning
Non-clocked sequential cell  
The clock pin Inst_uart_tx/Inst_mod_m_counter/r_reg_reg[2]/C is not reached by a timing clock
Related violations: <none>

TIMING-17#55 Warning
Non-clocked sequential cell  
The clock pin Inst_uart_tx/Inst_mod_m_counter/r_reg_reg[3]/C is not reached by a timing clock
Related violations: <none>

TIMING-17#56 Warning
Non-clocked sequential cell  
The clock pin Inst_uart_tx/Inst_mod_m_counter/r_reg_reg[4]/C is not reached by a timing clock
Related violations: <none>

TIMING-17#57 Warning
Non-clocked sequential cell  
The clock pin Inst_uart_tx/Inst_mod_m_counter/r_reg_reg[5]/C is not reached by a timing clock
Related violations: <none>

TIMING-17#58 Warning
Non-clocked sequential cell  
The clock pin Inst_uart_tx/Inst_mod_m_counter/r_reg_reg[6]/C is not reached by a timing clock
Related violations: <none>

TIMING-17#59 Warning
Non-clocked sequential cell  
The clock pin Inst_uart_tx/Inst_mod_m_counter/r_reg_reg[7]/C is not reached by a timing clock
Related violations: <none>

TIMING-17#60 Warning
Non-clocked sequential cell  
The clock pin Inst_uart_tx/Inst_mod_m_counter/r_reg_reg[8]/C is not reached by a timing clock
Related violations: <none>

TIMING-17#61 Warning
Non-clocked sequential cell  
The clock pin Inst_uart_tx/Inst_mod_m_counter/r_reg_reg[9]/C is not reached by a timing clock
Related violations: <none>

TIMING-17#62 Warning
Non-clocked sequential cell  
The clock pin Inst_uart_tx/sEn_reg/C is not reached by a timing clock
Related violations: <none>

TIMING-20#1 Warning
Non-clocked latch  
The latch Inst_uart_rx/sEn_reg cannot be properly analyzed as its control pin Inst_uart_rx/sEn_reg/G is not reached by a timing clock
Related violations: <none>

TIMING-20#2 Warning
Non-clocked latch  
The latch Inst_uart_tx/s_data_reg[0] cannot be properly analyzed as its control pin Inst_uart_tx/s_data_reg[0]/G is not reached by a timing clock
Related violations: <none>

TIMING-20#3 Warning
Non-clocked latch  
The latch Inst_uart_tx/s_data_reg[1] cannot be properly analyzed as its control pin Inst_uart_tx/s_data_reg[1]/G is not reached by a timing clock
Related violations: <none>

TIMING-20#4 Warning
Non-clocked latch  
The latch Inst_uart_tx/s_data_reg[2] cannot be properly analyzed as its control pin Inst_uart_tx/s_data_reg[2]/G is not reached by a timing clock
Related violations: <none>

TIMING-20#5 Warning
Non-clocked latch  
The latch Inst_uart_tx/s_data_reg[3] cannot be properly analyzed as its control pin Inst_uart_tx/s_data_reg[3]/G is not reached by a timing clock
Related violations: <none>

TIMING-20#6 Warning
Non-clocked latch  
The latch Inst_uart_tx/s_data_reg[4] cannot be properly analyzed as its control pin Inst_uart_tx/s_data_reg[4]/G is not reached by a timing clock
Related violations: <none>

TIMING-20#7 Warning
Non-clocked latch  
The latch Inst_uart_tx/s_data_reg[5] cannot be properly analyzed as its control pin Inst_uart_tx/s_data_reg[5]/G is not reached by a timing clock
Related violations: <none>

TIMING-20#8 Warning
Non-clocked latch  
The latch Inst_uart_tx/s_data_reg[6] cannot be properly analyzed as its control pin Inst_uart_tx/s_data_reg[6]/G is not reached by a timing clock
Related violations: <none>

TIMING-20#9 Warning
Non-clocked latch  
The latch Inst_uart_tx/s_data_reg[7] cannot be properly analyzed as its control pin Inst_uart_tx/s_data_reg[7]/G is not reached by a timing clock
Related violations: <none>


