#-----------------------------------------------------------
# Vivado v2018.3 (64-bit)
# SW Build 2405991 on Thu Dec  6 23:38:27 MST 2018
# IP Build 2404404 on Fri Dec  7 01:43:56 MST 2018
# Start of session at: Wed Nov 20 01:10:41 2024
# Process ID: 2704
# Current directory: C:/Users/Apple/Desktop/term8/fpga/vivado/uart_rx
# Command line: vivado.exe -gui_launcher_event rodinguilauncherevent4568 C:\Users\Apple\Desktop\term8\fpga\vivado\uart_rx\uart_rx.xpr
# Log file: C:/Users/Apple/Desktop/term8/fpga/vivado/uart_rx/vivado.log
# Journal file: C:/Users/Apple/Desktop/term8/fpga/vivado/uart_rx\vivado.jou
#-----------------------------------------------------------
start_gui
open_project C:/Users/Apple/Desktop/term8/fpga/vivado/uart_rx/uart_rx.xpr
INFO: [Project 1-313] Project file moved from 'C:/Users/Apple/Desktop/vivado/uart_rx' since last save.
Scanning sources...
Finished scanning sources
INFO: [IP_Flow 19-234] Refreshing IP repositories
INFO: [IP_Flow 19-1704] No user IP repositories specified
INFO: [IP_Flow 19-2313] Loaded Vivado IP repository 'C:/Xilinx/Vivado/2018.3/data/ip'.
open_project: Time (s): cpu = 00:00:15 ; elapsed = 00:00:07 . Memory (MB): peak = 777.176 ; gain = 153.812
update_compile_order -fileset sources_1
exit
INFO: [Common 17-206] Exiting Vivado at Wed Nov 20 01:11:11 2024...
